<?xml version="1.0" encoding="UTF-8"?>
<!-- Generated by org.testng.reporters.JUnitReportReporter -->
<testsuite hostname="Haider" failures="0" tests="3" name="Testng.Framework.testClass2" time="0.005" errors="0" timestamp="2023-11-25T04:40:57 PST" skipped="0">
  <testcase classname="Testng.Framework.testClass2" name="test7" time="0.002"/>
  <system-out/>
  <testcase classname="Testng.Framework.testClass2" name="test6" time="0.002"/>
  <system-out/>
  <testcase classname="Testng.Framework.testClass2" name="test5" time="0.001"/>
  <system-out/>
</testsuite> <!-- Testng.Framework.testClass2 -->
