<?xml version="1.0" encoding="UTF-8"?>
<!-- Generated by org.testng.reporters.JUnitReportReporter -->
<testsuite hostname="Haider" failures="0" tests="1" name="Testng.Framework.testClass3" time="0.002" errors="0" timestamp="2023-11-25T04:40:57 PST" skipped="0">
  <testcase classname="Testng.Framework.testClass3" name="test9" time="0.002"/>
  <system-out/>
</testsuite> <!-- Testng.Framework.testClass3 -->
