<?xml version="1.0" encoding="UTF-8"?>
<!-- Generated by org.testng.reporters.JUnitReportReporter -->
<testsuite hostname="Haider" failures="0" tests="4" name="Testng.Framework.testClass1" time="0.015" errors="0" timestamp="2023-11-25T04:40:57 PST" skipped="0">
  <testcase classname="Testng.Framework.testClass1" name="test2" time="0.002"/>
  <system-out/>
  <testcase classname="Testng.Framework.testClass1" name="test1" time="0.008"/>
  <system-out/>
  <testcase classname="Testng.Framework.testClass1" name="test3" time="0.002"/>
  <system-out/>
  <testcase classname="Testng.Framework.testClass1" name="test4" time="0.003"/>
  <system-out/>
</testsuite> <!-- Testng.Framework.testClass1 -->
